<?xml version="1.0" encoding="UTF-8"?>
<!-- Generated by org.testng.reporters.JUnitXMLReporter -->
<testsuite ignored="30" hostname="DESKTOP-4N84MDJ" failures="1" tests="1" name="Test" time="34.355" errors="0" timestamp="2024-07-16T16:05:34 IST">
  <testcase classname="onpepper.Data_Analytics.Tests.WhatIfAnalysis_Validation" name="RetriveBaseFile" time="14.149">
    <failure type="org.openqa.selenium.json.JsonException" message="java.lang.reflect.InvocationTargetException
Build info: version: &amp;apos;4.11.0&amp;apos;, revision: &amp;apos;040bc5406b&amp;apos;
System info: os.name: &amp;apos;Windows 10&amp;apos;, os.arch: &amp;apos;amd64&amp;apos;, os.version: &amp;apos;10.0&amp;apos;, java.version: &amp;apos;17.0.8&amp;apos;
Driver info: org.openqa.selenium.chrome.ChromeDriver
Command: [930cf6d2a61e4abc754d3af147afbea1, actions {actions=[org.openqa.selenium.interactions.Sequence@534180a2]}]
Capabilities {acceptInsecureCerts: false, browserName: chrome, browserVersion: 126.0.6478.127, chrome: {chromedriverVersion: 126.0.6478.126 (d36ace6122e..., userDataDir: C:\Users\USER\AppData\Local...}, fedcm:accounts: true, goog:chromeOptions: {debuggerAddress: localhost:64324}, networkConnectionEnabled: false, pageLoadStrategy: normal, platformName: windows, proxy: Proxy(), se:cdp: ws://localhost:64324/devtoo..., se:cdpVersion: 126.0.6478.127, setWindowRect: true, strictFileInteractability: false, timeouts: {implicit: 0, pageLoad: 300000, script: 30000}, unhandledPromptBehavior: dismiss and notify, webauthn:extension:credBlob: true, webauthn:extension:largeBlob: true, webauthn:extension:minPinLength: true, webauthn:extension:prf: true, webauthn:virtualAuthenticators: true}
Session ID: 930cf6d2a61e4abc754d3af147afbea1">
      <![CDATA[org.openqa.selenium.json.JsonException: java.lang.reflect.InvocationTargetException
Build info: version: '4.11.0', revision: '040bc5406b'
System info: os.name: 'Windows 10', os.arch: 'amd64', os.version: '10.0', java.version: '17.0.8'
Driver info: org.openqa.selenium.chrome.ChromeDriver
Command: [930cf6d2a61e4abc754d3af147afbea1, actions {actions=[org.openqa.selenium.interactions.Sequence@534180a2]}]
Capabilities {acceptInsecureCerts: false, browserName: chrome, browserVersion: 126.0.6478.127, chrome: {chromedriverVersion: 126.0.6478.126 (d36ace6122e..., userDataDir: C:\Users\USER\AppData\Local...}, fedcm:accounts: true, goog:chromeOptions: {debuggerAddress: localhost:64324}, networkConnectionEnabled: false, pageLoadStrategy: normal, platformName: windows, proxy: Proxy(), se:cdp: ws://localhost:64324/devtoo..., se:cdpVersion: 126.0.6478.127, setWindowRect: true, strictFileInteractability: false, timeouts: {implicit: 0, pageLoad: 300000, script: 30000}, unhandledPromptBehavior: dismiss and notify, webauthn:extension:credBlob: true, webauthn:extension:largeBlob: true, webauthn:extension:minPinLength: true, webauthn:extension:prf: true, webauthn:virtualAuthenticators: true}
Session ID: 930cf6d2a61e4abc754d3af147afbea1
at org.openqa.selenium.json.JsonOutput.convertUsingMethod(JsonOutput.java:415)
at org.openqa.selenium.json.JsonOutput.lambda$new$16(JsonOutput.java:178)
at org.openqa.selenium.json.JsonOutput.write0(JsonOutput.java:341)
at org.openqa.selenium.json.JsonOutput.lambda$new$22(JsonOutput.java:200)
at java.base/java.util.stream.ForEachOps$ForEachOp$OfRef.accept(ForEachOps.java:183)
at java.base/java.util.stream.ReferencePipeline$2$1.accept(ReferencePipeline.java:179)
at java.base/java.util.Iterator.forEachRemaining(Iterator.java:133)
at java.base/java.util.Spliterators$IteratorSpliterator.forEachRemaining(Spliterators.java:1845)
at java.base/java.util.stream.AbstractPipeline.copyInto(AbstractPipeline.java:509)
at java.base/java.util.stream.AbstractPipeline.wrapAndCopyInto(AbstractPipeline.java:499)
at java.base/java.util.stream.ForEachOps$ForEachOp.evaluateSequential(ForEachOps.java:150)
at java.base/java.util.stream.ForEachOps$ForEachOp$OfRef.evaluateSequential(ForEachOps.java:173)
at java.base/java.util.stream.AbstractPipeline.evaluate(AbstractPipeline.java:234)
at java.base/java.util.stream.ReferencePipeline.forEach(ReferencePipeline.java:596)
at org.openqa.selenium.json.JsonOutput.lambda$new$23(JsonOutput.java:200)
at org.openqa.selenium.json.JsonOutput.write0(JsonOutput.java:341)
at org.openqa.selenium.json.JsonOutput.lambda$new$24(JsonOutput.java:218)
at com.google.common.collect.SingletonImmutableBiMap.forEach(SingletonImmutableBiMap.java:68)
at org.openqa.selenium.json.JsonOutput.lambda$new$25(JsonOutput.java:213)
at org.openqa.selenium.json.JsonOutput.write0(JsonOutput.java:341)
at org.openqa.selenium.json.JsonOutput.write(JsonOutput.java:332)
at org.openqa.selenium.json.Json.toJson(Json.java:47)
at org.openqa.selenium.json.Json.toJson(Json.java:41)
at org.openqa.selenium.remote.codec.AbstractHttpCommandCodec.encode(AbstractHttpCommandCodec.java:273)
at org.openqa.selenium.remote.codec.AbstractHttpCommandCodec.encode(AbstractHttpCommandCodec.java:127)
at org.openqa.selenium.remote.HttpCommandExecutor.execute(HttpCommandExecutor.java:179)
at org.openqa.selenium.remote.service.DriverCommandExecutor.invokeExecute(DriverCommandExecutor.java:196)
at org.openqa.selenium.remote.service.DriverCommandExecutor.execute(DriverCommandExecutor.java:171)
at org.openqa.selenium.remote.RemoteWebDriver.execute(RemoteWebDriver.java:518)
at org.openqa.selenium.remote.RemoteWebDriver.perform(RemoteWebDriver.java:604)
at org.openqa.selenium.interactions.Actions$BuiltAction.perform(Actions.java:605)
at org.openqa.selenium.interactions.Actions.perform(Actions.java:574)
at onpepper.Data_Analytics.PageObject.HomePage.retriveBasefile(HomePage.java:154)
at onpepper.Data_Analytics.Tests.WhatIfAnalysis_Validation.RetriveBaseFile(WhatIfAnalysis_Validation.java:186)
at java.base/java.util.ArrayList.forEach(ArrayList.java:1511)
Suppressed: org.openqa.selenium.json.JsonException: Attempting to close incomplete json stream
Build info: version: '4.11.0', revision: '040bc5406b'
System info: os.name: 'Windows 10', os.arch: 'amd64', os.version: '10.0', java.version: '17.0.8'
Driver info: driver.version: RemoteWebDriver
at org.openqa.selenium.json.JsonOutput.close(JsonOutput.java:357)
at org.openqa.selenium.json.Json.toJson(Json.java:45)
... 40 more
at org.openqa.selenium.json.JsonOutput.convertUsingMethod(JsonOutput.java:411)
... 61 more
Caused by: org.openqa.selenium.NoSuchElementException: no such element: Unable to locate element: {"method":"xpath","selector":"//th[text()='Name']/parent::tr/parent::thead/following-sibling::tbody//tr[1]//td[1]//input"}
  (Session info: chrome=126.0.6478.127)
For documentation on this error, please visit: https://www.selenium.dev/documentation/webdriver/troubleshooting/errors#no-such-element-exception
Build info: version: '4.11.0', revision: '040bc5406b'
System info: os.name: 'Windows 10', os.arch: 'amd64', os.version: '10.0', java.version: '17.0.8'
Driver info: org.openqa.selenium.chrome.ChromeDriver
Command: [930cf6d2a61e4abc754d3af147afbea1, findElement {using=xpath, value=//th[text()='Name']/parent::tr/parent::thead/following-sibling::tbody//tr[1]//td[1]//input}]
Capabilities {acceptInsecureCerts: false, browserName: chrome, browserVersion: 126.0.6478.127, chrome: {chromedriverVersion: 126.0.6478.126 (d36ace6122e..., userDataDir: C:\Users\USER\AppData\Local...}, fedcm:accounts: true, goog:chromeOptions: {debuggerAddress: localhost:64324}, networkConnectionEnabled: false, pageLoadStrategy: normal, platformName: windows, proxy: Proxy(), se:cdp: ws://localhost:64324/devtoo..., se:cdpVersion: 126.0.6478.127, setWindowRect: true, strictFileInteractability: false, timeouts: {implicit: 0, pageLoad: 300000, script: 30000}, unhandledPromptBehavior: dismiss and notify, webauthn:extension:credBlob: true, webauthn:extension:largeBlob: true, webauthn:extension:minPinLength: true, webauthn:extension:prf: true, webauthn:virtualAuthenticators: true}
Session ID: 930cf6d2a61e4abc754d3af147afbea1
at org.openqa.selenium.remote.codec.w3c.W3CHttpResponseCodec.createException(W3CHttpResponseCodec.java:200)
at org.openqa.selenium.remote.codec.w3c.W3CHttpResponseCodec.decode(W3CHttpResponseCodec.java:133)
at org.openqa.selenium.remote.codec.w3c.W3CHttpResponseCodec.decode(W3CHttpResponseCodec.java:52)
at org.openqa.selenium.remote.HttpCommandExecutor.execute(HttpCommandExecutor.java:191)
at org.openqa.selenium.remote.service.DriverCommandExecutor.invokeExecute(DriverCommandExecutor.java:196)
at org.openqa.selenium.remote.service.DriverCommandExecutor.execute(DriverCommandExecutor.java:171)
at org.openqa.selenium.remote.RemoteWebDriver.execute(RemoteWebDriver.java:518)
at org.openqa.selenium.remote.ElementLocation$ElementFinder$2.findElement(ElementLocation.java:165)
at org.openqa.selenium.remote.ElementLocation.findElement(ElementLocation.java:59)
at org.openqa.selenium.remote.RemoteWebDriver.findElement(RemoteWebDriver.java:355)
at org.openqa.selenium.remote.RemoteWebDriver.findElement(RemoteWebDriver.java:349)
at org.openqa.selenium.support.pagefactory.DefaultElementLocator.findElement(DefaultElementLocator.java:68)
at org.openqa.selenium.support.pagefactory.internal.LocatingElementHandler.invoke(LocatingElementHandler.java:38)
at jdk.proxy2/jdk.proxy2.$Proxy17.getWrappedElement(Unknown Source)
at org.openqa.selenium.interactions.PointerInput$Origin.asArg(PointerInput.java:275)
at org.openqa.selenium.interactions.PointerInput$Move.encode(PointerInput.java:224)
at org.openqa.selenium.interactions.Sequence.encode(Sequence.java:72)
at org.openqa.selenium.interactions.Sequence.toJson(Sequence.java:81)
... 66 more
... Removed 37 stack frames]]>
    </failure>
  </testcase> <!-- RetriveBaseFile -->
  <testcase classname="onpepper.Data_Analytics.Tests.Generated_Result_Validation" name="checkIntermediateMetrics" time="0.0">
    <ignored/>
  </testcase> <!-- checkIntermediateMetrics -->
  <testcase classname="onpepper.Data_Analytics.Tests.UploadFileValidation" name="checkLoadMsg" time="0.0">
    <ignored/>
  </testcase> <!-- checkLoadMsg -->
  <testcase classname="onpepper.Data_Analytics.Tests.UploadFileValidation" name="checkAssetSelection" time="0.0">
    <ignored/>
  </testcase> <!-- checkAssetSelection -->
  <testcase classname="onpepper.Data_Analytics.Tests.UploadFileValidation" name="SelectReportDate" time="0.0">
    <ignored/>
  </testcase> <!-- SelectReportDate -->
  <testcase classname="onpepper.Data_Analytics.Tests.WhatIfAnalysis_Validation" name="CheckTableHeaders" time="0.0">
    <ignored/>
  </testcase> <!-- CheckTableHeaders -->
  <testcase classname="onpepper.Data_Analytics.Tests.WhatIfAnalysis_Validation" name="updateLevarageParameter" time="0.0">
    <ignored/>
  </testcase> <!-- updateLevarageParameter -->
  <testcase classname="onpepper.Data_Analytics.Tests.UploadFileValidation" name="uploadFile" time="0.0">
    <ignored/>
  </testcase> <!-- uploadFile -->
  <testcase classname="onpepper.Data_Analytics.Tests.WhatIfAnalysis_Validation" name="updateEBITDAParameter" time="0.0">
    <ignored/>
  </testcase> <!-- updateEBITDAParameter -->
  <testcase classname="onpepper.Data_Analytics.Tests.Generated_Result_Validation" name="getStartDate" time="0.0">
    <ignored/>
  </testcase> <!-- getStartDate -->
  <testcase classname="onpepper.Data_Analytics.Tests.WhatIfAnalysis_Validation" name="uploadFileName" time="0.0">
    <ignored/>
  </testcase> <!-- uploadFileName -->
  <testcase classname="onpepper.Data_Analytics.Tests.UploadFileValidation" name="checkUploadedFileNames" time="0.0">
    <ignored/>
  </testcase> <!-- checkUploadedFileNames -->
  <testcase classname="onpepper.Data_Analytics.Tests.Generated_Result_Validation" name="checkFormuladropdown" time="0.0">
    <ignored/>
  </testcase> <!-- checkFormuladropdown -->
  <testcase classname="onpepper.Data_Analytics.Tests.Generated_Result_Validation" name="checkWhatifDropdown" time="0.0">
    <ignored/>
  </testcase> <!-- checkWhatifDropdown -->
  <testcase classname="onpepper.Data_Analytics.Tests.Generated_Result_Validation" name="checkIntermediateMetricsFormula" time="0.0">
    <ignored/>
  </testcase> <!-- checkIntermediateMetricsFormula -->
  <testcase classname="onpepper.Data_Analytics.Tests.WhatIfAnalysis_Validation" name="uploadFile" time="0.0">
    <ignored/>
  </testcase> <!-- uploadFile -->
  <testcase classname="onpepper.Data_Analytics.Tests.UploadFileValidation" name="selectInvestment" time="0.0">
    <ignored/>
  </testcase> <!-- selectInvestment -->
  <testcase classname="onpepper.Data_Analytics.Tests.UploadFileValidation" name="checkSheetModificationText" time="0.0">
    <ignored/>
  </testcase> <!-- checkSheetModificationText -->
  <testcase classname="onpepper.Data_Analytics.Tests.WhatIfAnalysis_Validation" name="selectAsset" time="0.0">
    <ignored/>
  </testcase> <!-- selectAsset -->
  <testcase classname="onpepper.Data_Analytics.Tests.Generated_Result_Validation" name="checkCardName" time="0.0">
    <ignored/>
  </testcase> <!-- checkCardName -->
  <testcase classname="onpepper.Data_Analytics.Tests.WhatIfAnalysis_Validation" name="updateMultipleEBITDAParameter" time="0.0">
    <ignored/>
  </testcase> <!-- updateMultipleEBITDAParameter -->
  <testcase classname="onpepper.Data_Analytics.Tests.UploadFileValidation" name="checkAssetErrorMsg" time="0.0">
    <ignored/>
  </testcase> <!-- checkAssetErrorMsg -->
  <testcase classname="onpepper.Data_Analytics.Tests.UploadFileValidation" name="UploadFile" time="0.0">
    <ignored/>
  </testcase> <!-- UploadFile -->
  <testcase classname="onpepper.Data_Analytics.Tests.WhatIfAnalysis_Validation" name="ModifyAssetRow" time="0.0">
    <ignored/>
  </testcase> <!-- ModifyAssetRow -->
  <testcase classname="onpepper.Data_Analytics.Tests.UploadFileValidation" name="checkReUploadFile" time="0.0">
    <ignored/>
  </testcase> <!-- checkReUploadFile -->
  <testcase classname="onpepper.Data_Analytics.Tests.Generated_Result_Validation" name="checkdata" time="0.0">
    <ignored/>
  </testcase> <!-- checkdata -->
  <testcase classname="onpepper.Data_Analytics.Tests.WhatIfAnalysis_Validation" name="CopyAssetRow" time="0.0">
    <ignored/>
  </testcase> <!-- CopyAssetRow -->
  <testcase classname="onpepper.Data_Analytics.Tests.WhatIfAnalysis_Validation" name="CreateAssetRow" time="0.0">
    <ignored/>
  </testcase> <!-- CreateAssetRow -->
  <testcase classname="onpepper.Data_Analytics.Tests.Generated_Result_Validation" name="uploadFile" time="0.0">
    <ignored/>
  </testcase> <!-- uploadFile -->
  <testcase classname="onpepper.Data_Analytics.Tests.UploadFileValidation" name="checkOverwritingText" time="0.0">
    <ignored/>
  </testcase> <!-- checkOverwritingText -->
  <testcase classname="onpepper.Data_Analytics.Tests.WhatIfAnalysis_Validation" name="updateMultipleLeaverageParameter" time="0.0">
    <ignored/>
  </testcase> <!-- updateMultipleLeaverageParameter -->
</testsuite> <!-- Test -->
